Using pre-set license
Desktop is 3200 x 1800 @ 60 Hz

 COMMAND LINE ARGUMENTS:
Unity
-adb2
-batchMode
-noUpm
-name
AssetImportWorker0
-projectPath
/home/intensiti/Desktop/Project 1 - Learning AR
-logFile
Logs/AssetImportWorker0.log
-srvPort
43061
Successfully changed project path to: /home/intensiti/Desktop/Project 1 - Learning AR
/home/intensiti/Desktop/Project 1 - Learning AR
Using Asset Import Pipeline V2.
Refreshing native plugins compatible for Editor in 47.46 ms, found 0 plugins.
Preloading 0 native plugins for Editor in 0.00 ms.
Initialize engine version: 2020.2.3f1 (8ff31bc5bf5b)
[Subsystems] Discovering subsystems at path /home/intensiti/Unity/Hub/Editor/2020.2.3f1/Editor/Data/Resources/UnitySubsystems
[Subsystems] Discovering subsystems at path /home/intensiti/Desktop/Project 1 - Learning AR/Assets
GLX Extensions: GLX_ARB_create_context GLX_ARB_create_context_no_error GLX_ARB_create_context_profile GLX_ARB_create_context_robustness GLX_ARB_fbconfig_float GLX_ARB_framebuffer_sRGB GLX_ARB_get_proc_address GLX_ARB_multisample GLX_EXT_buffer_age GLX_EXT_create_context_es2_profile GLX_EXT_create_context_es_profile GLX_EXT_fbconfig_packed_float GLX_EXT_framebuffer_sRGB GLX_EXT_import_context GLX_EXT_texture_from_pixmap GLX_EXT_visual_info GLX_EXT_visual_rating GLX_INTEL_swap_event GLX_MESA_copy_sub_buffer GLX_MESA_query_renderer GLX_MESA_swap_control GLX_OML_swap_method GLX_OML_sync_control GLX_SGIS_multisample GLX_SGIX_fbconfig GLX_SGIX_pbuffer GLX_SGIX_visual_select_group GLX_SGI_make_current_read GLX_SGI_swap_control GLX_SGI_video_sync 
Renderer: Mesa Intel(R) Iris(R) Plus Graphics 640 (Kaby Lake GT3e) (KBL GT3)
Vendor:   Intel
Version:  4.6 (Core Profile) Mesa 20.2.6
GLES:     0
 GL_3DFX_texture_compression_FXT1 GL_AMD_conservative_depth GL_AMD_depth_clamp_separate GL_AMD_draw_buffers_blend GL_AMD_gpu_shader_int64 GL_AMD_multi_draw_indirect GL_AMD_performance_monitor GL_AMD_pinned_memory GL_AMD_query_buffer_object GL_AMD_seamless_cubemap_per_texture GL_AMD_shader_stencil_export GL_AMD_shader_trinary_minmax GL_AMD_texture_texture4 GL_AMD_vertex_shader_layer GL_AMD_vertex_shader_viewport_index GL_ANGLE_texture_compression_dxt3 GL_ANGLE_texture_compression_dxt5 GL_ARB_ES2_compatibility GL_ARB_ES3_1_compatibility GL_ARB_ES3_2_compatibility GL_ARB_ES3_compatibility GL_ARB_arrays_of_arrays GL_ARB_base_instance GL_ARB_blend_func_extended GL_ARB_buffer_storage GL_ARB_clear_buffer_object GL_ARB_clear_texture GL_ARB_clip_control GL_ARB_compressed_texture_pixel_storage GL_ARB_compute_shader GL_ARB_compute_variable_group_size GL_ARB_conditional_render_inverted GL_ARB_conservative_depth GL_ARB_copy_buffer GL_ARB_copy_image GL_ARB_cull_distance GL_ARB_debug_output GL_ARB_depth_buffer_float GL_ARB
_depth_clamp GL_ARB_derivative_control GL_ARB_direct_state_access GL_ARB_draw_buffers GL_ARB_draw_buffers_blend GL_ARB_draw_elements_base_vertex GL_ARB_draw_indirect GL_ARB_draw_instanced GL_ARB_enhanced_layouts GL_ARB_explicit_attrib_location GL_ARB_explicit_uniform_location GL_ARB_fragment_coord_conventions GL_ARB_fragment_layer_viewport GL_ARB_fragment_shader GL_ARB_fragment_shader_interlock GL_ARB_framebuffer_no_attachments GL_ARB_framebuffer_object GL_ARB_framebuffer_sRGB GL_ARB_get_program_binary GL_ARB_get_texture_sub_image GL_ARB_gl_spirv GL_ARB_gpu_shader5 GL_ARB_gpu_shader_fp64 GL_ARB_gpu_shader_int64 GL_ARB_half_float_pixel GL_ARB_half_float_vertex GL_ARB_indirect_parameters GL_ARB_instanced_arrays GL_ARB_internalformat_query GL_ARB_internalformat_query2 GL_ARB_invalidate_subdata GL_ARB_map_buffer_alignment GL_ARB_map_buffer_range GL_ARB_multi_bind GL_ARB_multi_draw_indirect GL_ARB_occlusion_query2 GL_ARB_parallel_shader_compile GL_ARB_pipeline_statistics_query GL_ARB_pixel_buffer_object GL_ARB_po
int_sprite GL_ARB_polygon_offset_clamp GL_ARB_post_depth_coverage GL_ARB_program_interface_query GL_ARB_provoking_vertex GL_ARB_query_buffer_object GL_ARB_robust_buffer_access_behavior GL_ARB_robustness GL_ARB_sample_shading GL_ARB_sampler_objects GL_ARB_seamless_cube_map GL_ARB_seamless_cubemap_per_texture GL_ARB_separate_shader_objects GL_ARB_shader_atomic_counter_ops GL_ARB_shader_atomic_counters GL_ARB_shader_ballot GL_ARB_shader_bit_encoding GL_ARB_shader_clock GL_ARB_shader_draw_parameters GL_ARB_shader_group_vote GL_ARB_shader_image_load_store GL_ARB_shader_image_size GL_ARB_shader_objects GL_ARB_shader_precision GL_ARB_shader_stencil_export GL_ARB_shader_storage_buffer_object GL_ARB_shader_subroutine GL_ARB_shader_texture_image_samples GL_ARB_shader_texture_lod GL_ARB_shader_viewport_layer_array GL_ARB_shading_language_420pack GL_ARB_shading_language_include GL_ARB_shading_language_packing GL_ARB_spirv_extensions GL_ARB_stencil_texturing GL_ARB_sync GL_ARB_tessellation_shader GL_ARB_texture_barrier G
L_ARB_texture_buffer_object GL_ARB_texture_buffer_object_rgb32 GL_ARB_texture_buffer_range GL_ARB_texture_compression_bptc GL_ARB_texture_compression_rgtc GL_ARB_texture_cube_map_array GL_ARB_texture_filter_anisotropic GL_ARB_texture_float GL_ARB_texture_gather GL_ARB_texture_mirror_clamp_to_edge GL_ARB_texture_multisample GL_ARB_texture_non_power_of_two GL_ARB_texture_query_levels GL_ARB_texture_query_lod GL_ARB_texture_rectangle GL_ARB_texture_rg GL_ARB_texture_rgb10_a2ui GL_ARB_texture_stencil8 GL_ARB_texture_storage GL_ARB_texture_storage_multisample GL_ARB_texture_swizzle GL_ARB_texture_view GL_ARB_timer_query GL_ARB_transform_feedback2 GL_ARB_transform_feedback3 GL_ARB_transform_feedback_instanced GL_ARB_transform_feedback_overflow_query GL_ARB_uniform_buffer_object GL_ARB_vertex_array_bgra GL_ARB_vertex_array_object GL_ARB_vertex_attrib_64bit GL_ARB_vertex_attrib_binding GL_ARB_vertex_buffer_object GL_ARB_vertex_shader GL_ARB_vertex_type_10f_11f_11f_rev GL_ARB_vertex_type_2_10_10_10_rev GL_ARB_viewpor
t_array GL_ATI_blend_equation_separate GL_ATI_texture_float GL_EXT_EGL_image_storage GL_EXT_EGL_sync GL_EXT_abgr GL_EXT_blend_equation_separate GL_EXT_demote_to_helper_invocation GL_EXT_draw_buffers2 GL_EXT_draw_instanced GL_EXT_framebuffer_blit GL_EXT_framebuffer_multisample GL_EXT_framebuffer_multisample_blit_scaled GL_EXT_framebuffer_object GL_EXT_framebuffer_sRGB GL_EXT_packed_depth_stencil GL_EXT_packed_float GL_EXT_pixel_buffer_object GL_EXT_polygon_offset_clamp GL_EXT_provoking_vertex GL_EXT_shader_framebuffer_fetch GL_EXT_shader_framebuffer_fetch_non_coherent GL_EXT_shader_integer_mix GL_EXT_shader_samples_identical GL_EXT_texture_array GL_EXT_texture_compression_dxt1 GL_EXT_texture_compression_rgtc GL_EXT_texture_compression_s3tc GL_EXT_texture_filter_anisotropic GL_EXT_texture_integer GL_EXT_texture_sRGB GL_EXT_texture_sRGB_R8 GL_EXT_texture_sRGB_decode GL_EXT_texture_shadow_lod GL_EXT_texture_shared_exponent GL_EXT_texture_snorm GL_EXT_texture_swizzle GL_EXT_timer_query GL_EXT_transform_feedback G
L_EXT_vertex_array_bgra GL_EXT_vertex_attrib_64bit GL_IBM_multimode_draw_arrays GL_INTEL_blackhole_render GL_INTEL_conservative_rasterization GL_INTEL_performance_query GL_INTEL_shader_atomic_float_minmax GL_INTEL_shader_integer_functions2 GL_KHR_blend_equation_advanced GL_KHR_blend_equation_advanced_coherent GL_KHR_context_flush_control GL_KHR_debug GL_KHR_no_error GL_KHR_parallel_shader_compile GL_KHR_robust_buffer_access_behavior GL_KHR_robustness GL_KHR_texture_compression_astc_ldr GL_KHR_texture_compression_astc_sliced_3d GL_MESA_framebuffer_flip_y GL_MESA_pack_invert GL_MESA_shader_integer_functions GL_MESA_texture_signed_rgba GL_NV_compute_shader_derivatives GL_NV_conditional_render GL_NV_copy_image GL_NV_depth_clamp GL_NV_fragment_shader_interlock GL_NV_packed_depth_stencil GL_NV_texture_barrier GL_OES_EGL_image GL_S3_s3tc
OPENGL LOG: Creating OpenGL 4.6 graphics device ; Context level  <OpenGL 4.5> ; Context handle 559246336
Initialize mono
Mono path[0] = '/home/intensiti/Unity/Hub/Editor/2020.2.3f1/Editor/Data/Managed'
Mono path[1] = '/home/intensiti/Unity/Hub/Editor/2020.2.3f1/Editor/Data/MonoBleedingEdge/lib/mono/unityjit'
Mono config path = '/home/intensiti/Unity/Hub/Editor/2020.2.3f1/Editor/Data/MonoBleedingEdge/etc'
Using monoOptions --debugger-agent=transport=dt_socket,embedding=1,server=y,suspend=n,address=127.0.0.1:56231
Begin MonoManager ReloadAssembly
Registering precompiled unity dll's ...
Register platform support module: /home/intensiti/Unity/Hub/Editor/2020.2.3f1/Editor/Data/PlaybackEngines/LinuxStandaloneSupport/UnityEditor.LinuxStandalone.Extensions.dll
Registered in 0.001888 seconds.
Native extension for LinuxStandalone target not found
Refreshing native plugins compatible for Editor in 28.91 ms, found 0 plugins.
Preloading 0 native plugins for Editor in 0.00 ms.
Invoked RoslynAnalysisRunner static constructor.
RoslynAnalysisRunner will not be running.
RoslynAnalysisRunner has terminated.
Mono: successfully reloaded assembly
- Completed reload, in  2.760 seconds
Platform modules already initialized, skipping
Registering precompiled user dll's ...
Registered in 0.001992 seconds.
Begin MonoManager ReloadAssembly
Native extension for LinuxStandalone target not found
Refreshing native plugins compatible for Editor in 0.42 ms, found 0 plugins.
Preloading 0 native plugins for Editor in 0.00 ms.
Invoked RoslynAnalysisRunner static constructor.
RoslynAnalysisRunner will not be running.
RoslynAnalysisRunner has terminated.
Mono: successfully reloaded assembly
- Completed reload, in  0.901 seconds
Platform modules already initialized, skipping
========================================================================
Worker process is ready to serve import requests
Launched and connected shader compiler UnityShaderCompiler after 0.01 seconds
Refreshing native plugins compatible for Editor in 0.47 ms, found 0 plugins.
Preloading 0 native plugins for Editor in 0.00 ms.
Unloading 1700 Unused Serialized files (Serialized files now loaded: 0)
System memory in use before: 69.8 MB.
System memory in use after: 69.8 MB.

Unloading 28 unused Assets to reduce memory usage. Loaded Objects now: 2130.
Total: 7.130661 ms (FindLiveObjects: 0.456649 ms CreateObjectMapping: 0.151712 ms MarkObjects: 6.179284 ms  DeleteObjects: 0.340619 ms)

========================================================================
Received Import Request.
  path: Assets/GoogleARCore/Examples/CloudAnchors/Configurations/CloudAnchorsSessionConfig.asset
  artifactKey: Guid(2df5ff2f38acc4159832322e57364bfa) Importer(815301076,1909f56bfc062723c751e8b465ee728b)
Start importing Assets/GoogleARCore/Examples/CloudAnchors/Configurations/CloudAnchorsSessionConfig.asset using Guid(2df5ff2f38acc4159832322e57364bfa) Importer(815301076,1909f56bfc062723c751e8b465ee728b)  -> (artifact id: '1ae046cedd78563fe386116ba2dfd86f') in 0.006658 seconds
  Import took 0.010458 seconds .

========================================================================
Received Import Request.
  Time since last request: 0.000187 seconds.
  path: Assets/GoogleARCore/Examples/CloudAnchors/circle.png
  artifactKey: Guid(b3bc1c32ce2284758a917d938d8c3693) Importer(815301076,1909f56bfc062723c751e8b465ee728b)
Start importing Assets/GoogleARCore/Examples/CloudAnchors/circle.png using Guid(b3bc1c32ce2284758a917d938d8c3693) Importer(815301076,1909f56bfc062723c751e8b465ee728b)  -> (artifact id: '58718bdd74b1c7abfb3a0249ebf33e56') in 0.112612 seconds
  Import took 0.116501 seconds .

========================================================================
Received Import Request.
  Time since last request: 0.328914 seconds.
  path: Assets/GoogleARCore/Examples/HelloAR/Scenes/HelloAR.unity
  artifactKey: Guid(8b5735a2d242c4dbface50f022a1c96b) Importer(815301076,1909f56bfc062723c751e8b465ee728b)
Start importing Assets/GoogleARCore/Examples/HelloAR/Scenes/HelloAR.unity using Guid(8b5735a2d242c4dbface50f022a1c96b) Importer(815301076,1909f56bfc062723c751e8b465ee728b)  -> (artifact id: 'd854141c3a22732ccacbd0ce706ff6df') in 0.001102 seconds
  Import took 0.003713 seconds .

========================================================================
Received Import Request.
  Time since last request: 0.001235 seconds.
  path: Assets/GoogleARCore/Examples/HelloAR/Scenes/HelloAR.unity
  artifactKey: Guid(8b5735a2d242c4dbface50f022a1c96b) Importer(815301076,1909f56bfc062723c751e8b465ee728b)
Start importing Assets/GoogleARCore/Examples/HelloAR/Scenes/HelloAR.unity using Guid(8b5735a2d242c4dbface50f022a1c96b) Importer(815301076,1909f56bfc062723c751e8b465ee728b)  -> (artifact id: 'd854141c3a22732ccacbd0ce706ff6df') in 0.000885 seconds
  Import took 0.003208 seconds .

========================================================================
Received Import Request.
  Time since last request: 56.549228 seconds.
  path: Assets/GoogleARCore/Examples/Common/Roboto-Regular.ttf
  artifactKey: Guid(f66655b38428d40769e9e41ee237cbdc) Importer(815301076,1909f56bfc062723c751e8b465ee728b)
Start importing Assets/GoogleARCore/Examples/Common/Roboto-Regular.ttf using Guid(f66655b38428d40769e9e41ee237cbdc) Importer(815301076,1909f56bfc062723c751e8b465ee728b)  -> (artifact id: 'c5e8e1739fd7b2d32c7a4877fe2a9721') in 0.057295 seconds
  Import took 0.060591 seconds .

========================================================================
Received Import Request.
  Time since last request: 18.383933 seconds.
  path: Assets/GoogleARCore/Examples/HelloAR/HelloARSessionConfig.asset
  artifactKey: Guid(4e47dbfd55f884d749206b5c8a5ef2ef) Importer(815301076,1909f56bfc062723c751e8b465ee728b)
Start importing Assets/GoogleARCore/Examples/HelloAR/HelloARSessionConfig.asset using Guid(4e47dbfd55f884d749206b5c8a5ef2ef) Importer(815301076,1909f56bfc062723c751e8b465ee728b)  -> (artifact id: '35d982954acec95ccc0b6bdf738fa9fc') in 0.003454 seconds
  Import took 0.010890 seconds .

========================================================================
Received Import Request.
  Time since last request: 0.006281 seconds.
  path: Assets/GoogleARCore/Examples/HelloAR/HelloARSessionConfig.asset
  artifactKey: Guid(4e47dbfd55f884d749206b5c8a5ef2ef) Importer(815301076,1909f56bfc062723c751e8b465ee728b)
Start importing Assets/GoogleARCore/Examples/HelloAR/HelloARSessionConfig.asset using Guid(4e47dbfd55f884d749206b5c8a5ef2ef) Importer(815301076,1909f56bfc062723c751e8b465ee728b)  -> (artifact id: '35d982954acec95ccc0b6bdf738fa9fc') in 0.002283 seconds
  Import took 0.006762 seconds .

========================================================================
Received Import Request.
  Time since last request: 2.070711 seconds.
  path: Assets/GoogleARCore/Examples/HelloAR/Scripts/HelloARController.cs
  artifactKey: Guid(1a798162408ca423ca04c21a04ea7fd2) Importer(815301076,1909f56bfc062723c751e8b465ee728b)
Start importing Assets/GoogleARCore/Examples/HelloAR/Scripts/HelloARController.cs using Guid(1a798162408ca423ca04c21a04ea7fd2) Importer(815301076,1909f56bfc062723c751e8b465ee728b)  -> (artifact id: '9953fade685b52fbc11609cacda139f2') in 0.001637 seconds
  Import took 0.005599 seconds .

========================================================================
Received Import Request.
  Time since last request: 0.001747 seconds.
  path: Assets/GoogleARCore/Examples/HelloAR/Scripts/HelloARController.cs
  artifactKey: Guid(1a798162408ca423ca04c21a04ea7fd2) Importer(815301076,1909f56bfc062723c751e8b465ee728b)
Start importing Assets/GoogleARCore/Examples/HelloAR/Scripts/HelloARController.cs using Guid(1a798162408ca423ca04c21a04ea7fd2) Importer(815301076,1909f56bfc062723c751e8b465ee728b)  -> (artifact id: '9953fade685b52fbc11609cacda139f2') in 0.001062 seconds
  Import took 0.004619 seconds .

========================================================================
Received Prepare
Registering precompiled user dll's ...
Registered in 0.002314 seconds.
Begin MonoManager ReloadAssembly
Native extension for LinuxStandalone target not found
Refreshing native plugins compatible for Editor in 0.38 ms, found 0 plugins.
Preloading 0 native plugins for Editor in 0.00 ms.
Invoked RoslynAnalysisRunner static constructor.
RoslynAnalysisRunner will not be running.
RoslynAnalysisRunner has terminated.
Mono: successfully reloaded assembly
- Completed reload, in  1.122 seconds
Platform modules already initialized, skipping
Switching build target platform(24) subTarget(0) extendedPlatform(0) -> platform(13) subTarget(589824) extendedPlatform(0)
Refreshing native plugins compatible for Editor in 0.33 ms, found 0 plugins.
Preloading 0 native plugins for Editor in 0.00 ms.
Unloading 1419 Unused Serialized files (Serialized files now loaded: 0)
System memory in use before: 65.1 MB.
System memory in use after: 64.0 MB.

Unloading 229 unused Assets to reduce memory usage. Loaded Objects now: 1960.
Total: 2.855203 ms (FindLiveObjects: 0.219171 ms CreateObjectMapping: 0.065365 ms MarkObjects: 2.163700 ms  DeleteObjects: 0.405335 ms)

AssetImportParameters requested are different than current active one (requested -> active):
  custom:graphics/normal-map-encoding: 01000000000000000000000000000000 -> 02000000000000000000000000000000
========================================================================
Received Prepare
Registering precompiled user dll's ...
Registered in 0.001712 seconds.
Begin MonoManager ReloadAssembly
Native extension for LinuxStandalone target not found
Refreshing native plugins compatible for Editor in 0.40 ms, found 0 plugins.
Preloading 0 native plugins for Editor in 0.00 ms.
Invoked RoslynAnalysisRunner static constructor.
RoslynAnalysisRunner will not be running.
RoslynAnalysisRunner has terminated.
Mono: successfully reloaded assembly
- Completed reload, in  1.777 seconds
Platform modules already initialized, skipping
Switching build target platform(24) subTarget(0) extendedPlatform(0) -> platform(13) subTarget(589824) extendedPlatform(0)
Refreshing native plugins compatible for Editor in 0.73 ms, found 0 plugins.
Preloading 0 native plugins for Editor in 0.00 ms.
Unloading 1419 Unused Serialized files (Serialized files now loaded: 0)
System memory in use before: 63.9 MB.
System memory in use after: 64.0 MB.

Unloading 10 unused Assets to reduce memory usage. Loaded Objects now: 1963.
Total: 9.995796 ms (FindLiveObjects: 0.326928 ms CreateObjectMapping: 0.080234 ms MarkObjects: 9.356152 ms  DeleteObjects: 0.115136 ms)

AssetImportParameters requested are different than current active one (requested -> active):
  custom:graphics/normal-map-encoding: 01000000000000000000000000000000 -> 02000000000000000000000000000000
========================================================================
Received Prepare
Registering precompiled user dll's ...
Registered in 0.001905 seconds.
Begin MonoManager ReloadAssembly
Native extension for LinuxStandalone target not found
Refreshing native plugins compatible for Editor in 0.35 ms, found 0 plugins.
Preloading 0 native plugins for Editor in 0.00 ms.
Invoked RoslynAnalysisRunner static constructor.
RoslynAnalysisRunner will not be running.
RoslynAnalysisRunner has terminated.
Mono: successfully reloaded assembly
- Completed reload, in  1.576 seconds
Platform modules already initialized, skipping
Switching build target platform(24) subTarget(0) extendedPlatform(0) -> platform(13) subTarget(589824) extendedPlatform(0)
Refreshing native plugins compatible for Editor in 0.28 ms, found 0 plugins.
Preloading 0 native plugins for Editor in 0.00 ms.
Unloading 1419 Unused Serialized files (Serialized files now loaded: 0)
System memory in use before: 64.0 MB.
System memory in use after: 64.0 MB.

Unloading 10 unused Assets to reduce memory usage. Loaded Objects now: 1966.
Total: 2.530269 ms (FindLiveObjects: 0.200406 ms CreateObjectMapping: 0.047260 ms MarkObjects: 2.215784 ms  DeleteObjects: 0.065426 ms)

AssetImportParameters requested are different than current active one (requested -> active):
  custom:graphics/normal-map-encoding: 01000000000000000000000000000000 -> 02000000000000000000000000000000
========================================================================
Received Prepare
Registering precompiled user dll's ...
Registered in 0.000817 seconds.
Begin MonoManager ReloadAssembly
Native extension for LinuxStandalone target not found
Refreshing native plugins compatible for Editor in 0.49 ms, found 0 plugins.
Preloading 0 native plugins for Editor in 0.00 ms.
Invoked RoslynAnalysisRunner static constructor.
RoslynAnalysisRunner will not be running.
RoslynAnalysisRunner has terminated.
Mono: successfully reloaded assembly
- Completed reload, in  1.150 seconds
Platform modules already initialized, skipping
Switching build target platform(24) subTarget(0) extendedPlatform(0) -> platform(13) subTarget(589824) extendedPlatform(0)
Refreshing native plugins compatible for Editor in 0.32 ms, found 0 plugins.
Preloading 0 native plugins for Editor in 0.00 ms.
Unloading 1416 Unused Serialized files (Serialized files now loaded: 0)
System memory in use before: 63.9 MB.
System memory in use after: 64.0 MB.

Unloading 7 unused Assets to reduce memory usage. Loaded Objects now: 1969.
Total: 2.346694 ms (FindLiveObjects: 0.189586 ms CreateObjectMapping: 0.049438 ms MarkObjects: 2.044471 ms  DeleteObjects: 0.060979 ms)

AssetImportParameters requested are different than current active one (requested -> active):
  custom:graphics/normal-map-encoding: 01000000000000000000000000000000 -> 02000000000000000000000000000000
========================================================================
Received Import Request.
  Time since last request: 149.878379 seconds.
  path: Assets/CameraSetUp.unity
  artifactKey: Guid(7ae73acb48f96830f9bea50105f5cef3) Importer(815301076,1909f56bfc062723c751e8b465ee728b)
Start importing Assets/CameraSetUp.unity using Guid(7ae73acb48f96830f9bea50105f5cef3) Importer(815301076,1909f56bfc062723c751e8b465ee728b)  -> (artifact id: '6c0c4b2febeeb09b9a1d43c17f232d17') in 0.009540 seconds
  Import took 0.012234 seconds .

========================================================================
Received Import Request.
  Time since last request: 0.006826 seconds.
  path: Assets/CameraSetUp.unity
  artifactKey: Guid(7ae73acb48f96830f9bea50105f5cef3) Importer(815301076,1909f56bfc062723c751e8b465ee728b)
Start importing Assets/CameraSetUp.unity using Guid(7ae73acb48f96830f9bea50105f5cef3) Importer(815301076,1909f56bfc062723c751e8b465ee728b)  -> (artifact id: '6c0c4b2febeeb09b9a1d43c17f232d17') in 0.001529 seconds
  Import took 0.004753 seconds .

========================================================================
Received Prepare
Refreshing native plugins compatible for Editor in 1.95 ms, found 0 plugins.
Preloading 0 native plugins for Editor in 0.00 ms.
Unloading 4 Unused Serialized files (Serialized files now loaded: 0)
System memory in use before: 35.6 MB.
System memory in use after: 35.7 MB.

Unloading 4 unused Assets to reduce memory usage. Loaded Objects now: 1969.
Total: 4.653930 ms (FindLiveObjects: 0.294610 ms CreateObjectMapping: 0.080126 ms MarkObjects: 4.198226 ms  DeleteObjects: 0.079249 ms)

